<?xml version="1.0" encoding="UTF-8"?>
<!-- Generated by org.testng.reporters.JUnitXMLReporter -->
<testsuite ignored="1" hostname="Yuvrajs-MacBook-Pro.local" failures="0" tests="1" name="LoginPageTests" time="11.574" errors="0" timestamp="2023-05-08T20:16:52 IST">
  <testcase classname="tests.loginPage.LoginPageTests" name="VerifyLoginPageHeadingText" time="5.066"/>
  <testcase classname="tests.loginPage.LoginPageTests" name="VerifyLogin" time="0.0">
    <ignored/>
  </testcase> <!-- VerifyLogin -->
</testsuite> <!-- LoginPageTests -->
