<?xml version="1.0" encoding="UTF-8"?>
<testng-results ignored="1" total="2" passed="1" failed="0" skipped="0">
  <reporter-output>
  </reporter-output>
  <suite started-at="2023-05-08T20:16:40 IST" name="All Test Suite" finished-at="2023-05-08T20:16:52 IST" duration-ms="11574">
    <groups>
    </groups>
    <test started-at="2023-05-08T20:16:40 IST" name="LoginPageTests" finished-at="2023-05-08T20:16:52 IST" duration-ms="11574">
      <class name="tests.loginPage.LoginPageTests">
        <test-method is-config="true" signature="setBrowserType(java.lang.String,java.lang.String)[pri:0, instance:tests.loginPage.LoginPageTests@df6620a]" started-at="2023-05-08T20:16:40 IST" name="setBrowserType" finished-at="2023-05-08T20:16:40 IST" duration-ms="13" status="PASS">
          <params>
            <param index="0">
              <value>
                <![CDATA[Chrome]]>
              </value>
            </param>
            <param index="1">
              <value>
                <![CDATA[playwright.properties]]>
              </value>
            </param>
          </params>
          <reporter-output>
          </reporter-output>
        </test-method> <!-- setBrowserType -->
        <test-method is-config="true" signature="setup()[pri:0, instance:tests.loginPage.LoginPageTests@df6620a]" started-at="2023-05-08T20:16:40 IST" name="setup" finished-at="2023-05-08T20:16:47 IST" duration-ms="6358" status="PASS">
          <reporter-output>
          </reporter-output>
        </test-method> <!-- setup -->
        <test-method signature="VerifyLoginPageHeadingText()[pri:0, instance:tests.loginPage.LoginPageTests@df6620a]" started-at="2023-05-08T20:16:47 IST" name="VerifyLoginPageHeadingText" description="Login to Vmax" finished-at="2023-05-08T20:16:52 IST" duration-ms="5066" status="PASS">
          <reporter-output>
          </reporter-output>
        </test-method> <!-- VerifyLoginPageHeadingText -->
        <test-method is-config="true" signature="tearDown()[pri:0, instance:tests.loginPage.LoginPageTests@df6620a]" started-at="2023-05-08T20:16:52 IST" name="tearDown" finished-at="2023-05-08T20:16:52 IST" duration-ms="103" status="PASS">
          <reporter-output>
          </reporter-output>
        </test-method> <!-- tearDown -->
      </class> <!-- tests.loginPage.LoginPageTests -->
    </test> <!-- LoginPageTests -->
  </suite> <!-- All Test Suite -->
</testng-results>
