<?xml version="1.0" encoding="UTF-8"?>
<testsuite xmlns:xsi="http://www.w3.org/2001/XMLSchema-instance" xsi:noNamespaceSchemaLocation="https://maven.apache.org/surefire/maven-surefire-plugin/xsd/surefire-test-report-3.0.xsd" version="3.0" name="TestSuite" time="11.896" tests="1" errors="0" skipped="0" failures="0">
  <properties>
[...]
</properties>
  <testcase name="VerifyLoginPageHeadingText" classname="tests.loginPage.LoginPageTests" time="5.071">
    <system-out><![CDATA[Browser Type: Chrome property file: playwright.properties
*** Test Suite LoginPageTests started ***
loaded properties successfully:{baseUrl=https://hotfix.absoluhealthcare.com/, password=123, testRetryCount=2, userName=xyz}
Common.browserType: Chrome
*** Running test method VerifyLoginPageHeadingText...
*** Executed VerifyLoginPageHeadingText test successfully...
]]></system-out>
    <system-err><![CDATA[SLF4J: Failed to load class "org.slf4j.impl.StaticLoggerBinder".
SLF4J: Defaulting to no-operation (NOP) logger implementation
SLF4J: See http://www.slf4j.org/codes.html#StaticLoggerBinder for further details.
]]></system-err>
  </testcase>
</testsuite>